# JRE version: Java(TM) SE Runtime Environment (8.0_60-b27) (build 1.8.0_60-b27)
# Java VM: Java HotSpot(TM) 64-Bit Server VM (25.60-b23 mixed mode windows-amd64 compressed oops)
Heap:
 garbage-first heap   total 262144K, used 166912K [0x00000000c0000000, 0x00000000c0100800, 0x0000000100000000)
  region size 1024K, 100 young (102400K), 2 survivors (2048K)
 Metaspace       used 91157K, capacity 99136K, committed 99356K, reserved 1134592K
  class space    used 11079K, capacity 13593K, committed 13596K, reserved 1048576K
GC Heap History (10 events):
Event: 20.969 GC heap before
{Heap before GC invocations=8 (full 0):
 garbage-first heap   total 262144K, used 171519K [0x00000000c0000000, 0x00000000c0100800, 0x0000000100000000)
  region size 1024K, 153 young (156672K), 10 survivors (10240K)
 Metaspace       used 49884K, capacity 54318K, committed 54684K, reserved 1097728K
  class space    used 5770K, capacity 7200K, committed 7324K, reserved 1048576K
Event: 21.039 GC heap after
Heap after GC invocations=9 (full 0):
 garbage-first heap   total 262144K, used 54097K [0x00000000c0000000, 0x00000000c0100800, 0x0000000100000000)
  region size 1024K, 20 young (20480K), 20 survivors (20480K)
 Metaspace       used 49884K, capacity 54318K, committed 54684K, reserved 1097728K
  class space    used 5770K, capacity 7200K, committed 7324K, reserved 1048576K
}
Event: 31.077 GC heap before
{Heap before GC invocations=10 (full 0):
 garbage-first heap   total 262144K, used 190289K [0x00000000c0000000, 0x00000000c0100800, 0x0000000100000000)
  region size 1024K, 153 young (156672K), 20 survivors (20480K)
 Metaspace       used 67391K, capacity 74028K, committed 74140K, reserved 1114112K
  class space    used 8002K, capacity 10108K, committed 10140K, reserved 1048576K
Event: 31.151 GC heap after
Heap after GC invocations=11 (full 0):
 garbage-first heap   total 262144K, used 76288K [0x00000000c0000000, 0x00000000c0100800, 0x0000000100000000)
  region size 1024K, 20 young (20480K), 20 survivors (20480K)
 Metaspace       used 67391K, capacity 74028K, committed 74140K, reserved 1114112K
  class space    used 8002K, capacity 10108K, committed 10140K, reserved 1048576K
}
Event: 35.256 GC heap before
{Heap before GC invocations=11 (full 0):
 garbage-first heap   total 262144K, used 212992K [0x00000000c0000000, 0x00000000c0100800, 0x0000000100000000)
  region size 1024K, 153 young (156672K), 20 survivors (20480K)
 Metaspace       used 79760K, capacity 87178K, committed 87452K, reserved 1124352K
  class space    used 9687K, capacity 11931K, committed 11932K, reserved 1048576K
Event: 35.306 GC heap after
Heap after GC invocations=12 (full 0):
 garbage-first heap   total 262144K, used 83968K [0x00000000c0000000, 0x00000000c0100800, 0x0000000100000000)
  region size 1024K, 20 young (20480K), 20 survivors (20480K)
 Metaspace       used 79760K, capacity 87178K, committed 87452K, reserved 1124352K
  class space    used 9687K, capacity 11931K, committed 11932K, reserved 1048576K
}
Event: 159.101 GC heap before
{Heap before GC invocations=12 (full 0):
 garbage-first heap   total 262144K, used 214016K [0x00000000c0000000, 0x00000000c0100800, 0x0000000100000000)
  region size 1024K, 147 young (150528K), 20 survivors (20480K)
 Metaspace       used 84412K, capacity 91944K, committed 91996K, reserved 1128448K
  class space    used 10257K, capacity 12560K, committed 12572K, reserved 1048576K
Event: 159.202 GC heap after
Heap after GC invocations=13 (full 0):
 garbage-first heap   total 262144K, used 92672K [0x00000000c0000000, 0x00000000c0100800, 0x0000000100000000)
  region size 1024K, 19 young (19456K), 19 survivors (19456K)
 Metaspace       used 84412K, capacity 91944K, committed 91996K, reserved 1128448K
  class space    used 10257K, capacity 12560K, committed 12572K, reserved 1048576K
}
Event: 308.388 GC heap before
{Heap before GC invocations=13 (full 0):
 garbage-first heap   total 262144K, used 102912K [0x00000000c0000000, 0x00000000c0100800, 0x0000000100000000)
  region size 1024K, 30 young (30720K), 19 survivors (19456K)
 Metaspace       used 84442K, capacity 91944K, committed 91996K, reserved 1128448K
  class space    used 10257K, capacity 12560K, committed 12572K, reserved 1048576K
Event: 308.434 GC heap after
Heap after GC invocations=14 (full 0):
 garbage-first heap   total 262144K, used 92160K [0x00000000c0000000, 0x00000000c0100800, 0x0000000100000000)
  region size 1024K, 2 young (2048K), 2 survivors (2048K)
 Metaspace       used 84442K, capacity 91944K, committed 91996K, reserved 1128448K
  class space    used 10257K, capacity 12560K, committed 12572K, reserved 1048576K
}

