# JRE version: Java(TM) SE Runtime Environment (8.0_60-b27) (build 1.8.0_60-b27)
# Java VM: Java HotSpot(TM) 64-Bit Server VM (25.60-b23 mixed mode windows-amd64 compressed oops)
Heap:
 garbage-first heap   total 262144K, used 157091K [0x00000000c0000000, 0x00000000c0100800, 0x0000000100000000)
  region size 1024K, 44 young (45056K), 5 survivors (5120K)
 Metaspace       used 110822K, capacity 120336K, committed 120564K, reserved 1155072K
  class space    used 12968K, capacity 15847K, committed 15868K, reserved 1048576K
GC Heap History (10 events):
Event: 1221.326 GC heap before
{Heap before GC invocations=38 (full 0):
 garbage-first heap   total 262144K, used 215800K [0x00000000c0000000, 0x00000000c0100800, 0x0000000100000000)
  region size 1024K, 127 young (130048K), 18 survivors (18432K)
 Metaspace       used 110010K, capacity 119704K, committed 120052K, reserved 1153024K
  class space    used 12930K, capacity 15811K, committed 15868K, reserved 1048576K
Event: 1221.404 GC heap after
Heap after GC invocations=39 (full 0):
 garbage-first heap   total 262144K, used 114624K [0x00000000c0000000, 0x00000000c0100800, 0x0000000100000000)
  region size 1024K, 10 young (10240K), 10 survivors (10240K)
 Metaspace       used 110010K, capacity 119704K, committed 120052K, reserved 1153024K
  class space    used 12930K, capacity 15811K, committed 15868K, reserved 1048576K
}
Event: 2628.278 GC heap before
{Heap before GC invocations=39 (full 0):
 garbage-first heap   total 262144K, used 222144K [0x00000000c0000000, 0x00000000c0100800, 0x0000000100000000)
  region size 1024K, 115 young (117760K), 10 survivors (10240K)
 Metaspace       used 110124K, capacity 119768K, committed 120052K, reserved 1153024K
  class space    used 12930K, capacity 15811K, committed 15868K, reserved 1048576K
Event: 2628.412 GC heap after
Heap after GC invocations=40 (full 0):
 garbage-first heap   total 262144K, used 116224K [0x00000000c0000000, 0x00000000c0100800, 0x0000000100000000)
  region size 1024K, 3 young (3072K), 3 survivors (3072K)
 Metaspace       used 110124K, capacity 119768K, committed 120052K, reserved 1153024K
  class space    used 12930K, capacity 15811K, committed 15868K, reserved 1048576K
}
Event: 3943.574 GC heap before
{Heap before GC invocations=40 (full 0):
 garbage-first heap   total 262144K, used 223744K [0x00000000c0000000, 0x00000000c0100800, 0x0000000100000000)
  region size 1024K, 108 young (110592K), 3 survivors (3072K)
 Metaspace       used 110163K, capacity 119774K, committed 120052K, reserved 1153024K
  class space    used 12931K, capacity 15812K, committed 15868K, reserved 1048576K
Event: 3943.628 GC heap after
Heap after GC invocations=41 (full 0):
 garbage-first heap   total 262144K, used 116736K [0x00000000c0000000, 0x00000000c0100800, 0x0000000100000000)
  region size 1024K, 3 young (3072K), 3 survivors (3072K)
 Metaspace       used 110163K, capacity 119774K, committed 120052K, reserved 1153024K
  class space    used 12931K, capacity 15812K, committed 15868K, reserved 1048576K
}
Event: 6623.480 GC heap before
{Heap before GC invocations=41 (full 0):
 garbage-first heap   total 262144K, used 226304K [0x00000000c0000000, 0x00000000c0100800, 0x0000000100000000)
  region size 1024K, 110 young (112640K), 3 survivors (3072K)
 Metaspace       used 110319K, capacity 119966K, committed 120308K, reserved 1153024K
  class space    used 12931K, capacity 15812K, committed 15868K, reserved 1048576K
Event: 6623.628 GC heap after
Heap after GC invocations=42 (full 0):
 garbage-first heap   total 262144K, used 116433K [0x00000000c0000000, 0x00000000c0100800, 0x0000000100000000)
  region size 1024K, 3 young (3072K), 3 survivors (3072K)
 Metaspace       used 110319K, capacity 119966K, committed 120308K, reserved 1153024K
  class space    used 12931K, capacity 15812K, committed 15868K, reserved 1048576K
}
Event: 10902.411 GC heap before
{Heap before GC invocations=42 (full 0):
 garbage-first heap   total 262144K, used 227025K [0x00000000c0000000, 0x00000000c0100800, 0x0000000100000000)
  region size 1024K, 111 young (113664K), 3 survivors (3072K)
 Metaspace       used 110490K, capacity 120196K, committed 120564K, reserved 1155072K
  class space    used 12948K, capacity 15845K, committed 15868K, reserved 1048576K
Event: 10902.539 GC heap after
Heap after GC invocations=43 (full 0):
 garbage-first heap   total 262144K, used 118179K [0x00000000c0000000, 0x00000000c0100800, 0x0000000100000000)
  region size 1024K, 5 young (5120K), 5 survivors (5120K)
 Metaspace       used 110490K, capacity 120196K, committed 120564K, reserved 1155072K
  class space    used 12948K, capacity 15845K, committed 15868K, reserved 1048576K
}

