# JRE version: Java(TM) SE Runtime Environment (8.0_60-b27) (build 1.8.0_60-b27)
# Java VM: Java HotSpot(TM) 64-Bit Server VM (25.60-b23 mixed mode windows-amd64 compressed oops)
Heap:
 garbage-first heap   total 262144K, used 193985K [0x00000000c0000000, 0x00000000c0100800, 0x0000000100000000)
  region size 1024K, 96 young (98304K), 9 survivors (9216K)
 Metaspace       used 111354K, capacity 121218K, committed 121468K, reserved 1155072K
  class space    used 13105K, capacity 16127K, committed 16252K, reserved 1048576K
GC Heap History (10 events):
Event: 1473.302 GC heap before
{Heap before GC invocations=45 (full 0):
 garbage-first heap   total 262144K, used 228352K [0x00000000c0000000, 0x00000000c0100800, 0x0000000100000000)
  region size 1024K, 137 young (140288K), 6 survivors (6144K)
 Metaspace       used 109853K, capacity 119598K, committed 120060K, reserved 1153024K
  class space    used 12962K, capacity 15995K, committed 16124K, reserved 1048576K
Event: 1473.319 GC heap after
Heap after GC invocations=46 (full 0):
 garbage-first heap   total 262144K, used 94720K [0x00000000c0000000, 0x00000000c0100800, 0x0000000100000000)
  region size 1024K, 6 young (6144K), 6 survivors (6144K)
 Metaspace       used 109853K, capacity 119598K, committed 120060K, reserved 1153024K
  class space    used 12962K, capacity 15995K, committed 16124K, reserved 1048576K
}
Event: 1637.632 GC heap before
{Heap before GC invocations=46 (full 0):
 garbage-first heap   total 262144K, used 228864K [0x00000000c0000000, 0x00000000c0100800, 0x0000000100000000)
  region size 1024K, 137 young (140288K), 6 survivors (6144K)
 Metaspace       used 110019K, capacity 119726K, committed 120060K, reserved 1153024K
  class space    used 12963K, capacity 15995K, committed 16124K, reserved 1048576K
Event: 1637.651 GC heap after
Heap after GC invocations=47 (full 0):
 garbage-first heap   total 262144K, used 96256K [0x00000000c0000000, 0x00000000c0100800, 0x0000000100000000)
  region size 1024K, 8 young (8192K), 8 survivors (8192K)
 Metaspace       used 110019K, capacity 119726K, committed 120060K, reserved 1153024K
  class space    used 12963K, capacity 15995K, committed 16124K, reserved 1048576K
}
Event: 1799.395 GC heap before
{Heap before GC invocations=47 (full 0):
 garbage-first heap   total 262144K, used 226304K [0x00000000c0000000, 0x00000000c0100800, 0x0000000100000000)
  region size 1024K, 135 young (138240K), 8 survivors (8192K)
 Metaspace       used 110150K, capacity 119984K, committed 120316K, reserved 1153024K
  class space    used 12969K, capacity 15996K, committed 16124K, reserved 1048576K
Event: 1799.426 GC heap after
Heap after GC invocations=48 (full 0):
 garbage-first heap   total 262144K, used 101888K [0x00000000c0000000, 0x00000000c0100800, 0x0000000100000000)
  region size 1024K, 13 young (13312K), 13 survivors (13312K)
 Metaspace       used 110150K, capacity 119984K, committed 120316K, reserved 1153024K
  class space    used 12969K, capacity 15996K, committed 16124K, reserved 1048576K
}
Event: 1836.753 GC heap before
{Heap before GC invocations=48 (full 0):
 garbage-first heap   total 262144K, used 221696K [0x00000000c0000000, 0x00000000c0100800, 0x0000000100000000)
  region size 1024K, 130 young (133120K), 13 survivors (13312K)
 Metaspace       used 110487K, capacity 120208K, committed 120572K, reserved 1153024K
  class space    used 12999K, capacity 16028K, committed 16124K, reserved 1048576K
Event: 1836.789 GC heap after
Heap after GC invocations=49 (full 0):
 garbage-first heap   total 262144K, used 106687K [0x00000000c0000000, 0x00000000c0100800, 0x0000000100000000)
  region size 1024K, 16 young (16384K), 16 survivors (16384K)
 Metaspace       used 110487K, capacity 120208K, committed 120572K, reserved 1153024K
  class space    used 12999K, capacity 16028K, committed 16124K, reserved 1048576K
}
Event: 1876.074 GC heap before
{Heap before GC invocations=49 (full 0):
 garbage-first heap   total 262144K, used 217279K [0x00000000c0000000, 0x00000000c0100800, 0x0000000100000000)
  region size 1024K, 124 young (126976K), 16 survivors (16384K)
 Metaspace       used 110713K, capacity 120470K, committed 120828K, reserved 1155072K
  class space    used 13028K, capacity 16029K, committed 16124K, reserved 1048576K
Event: 1876.121 GC heap after
Heap after GC invocations=50 (full 0):
 garbage-first heap   total 262144K, used 105921K [0x00000000c0000000, 0x00000000c0100800, 0x0000000100000000)
  region size 1024K, 9 young (9216K), 9 survivors (9216K)
 Metaspace       used 110713K, capacity 120470K, committed 120828K, reserved 1155072K
  class space    used 13028K, capacity 16029K, committed 16124K, reserved 1048576K
}

